graphtype: albe
g = 1
E	6	4	9
g = 1,2
H	13	16	28
g = 1,2,3
E	6	35	40
g = 1,2,3,4
H	10	43	52
g = 1,2,3,4,5
E	5	58	62
g = 1,2,3,4,5,6
H	6	79	84
g = 1,2,3,4,5,6,7
E	4	89	92
g = 1,2,3,4,5,6,7,8
H	6	95	100
g = 1,2,3,4,5,6,7,8,9
H	13	105	117
g = 1,10,2,3,4,5,6,7,8,9
E	6	121	126
g = 1,10,11,2,3,4,5,6,7,8,9
H	5	130	134
g = 1,10,11,12,2,3,4,5,6,7,8,9
H	15	138	152
g = 1,10,11,12,13,2,3,4,5,6,7,8,9
E	5	159	163
g = 1,10,11,12,13,14,2,3,4,5,6,7,8,9
H	3	166	168
g = 1,10,11,12,13,14,15,2,3,4,5,6,7,8,9
H	19	177	195
g = 1,10,11,12,13,14,15,16,2,3,4,5,6,7,8,9
H	6	197	202
g = 1,10,11,12,13,14,15,16,17,2,3,4,5,6,7,8,9
E	4	205	208
g = 1,10,11,12,13,14,15,16,17,18,2,3,4,5,6,7,8,9
H	4	216	219
g = 1,10,11,12,13,14,15,16,17,18,19,2,3,4,5,6,7,8,9
E	4	227	230
g = 1,10,11,12,13,14,15,16,17,18,19,2,20,3,4,5,6,7,8,9
H	4	232	235
g = 1,10,11,12,13,14,15,16,17,18,19,2,20,21,3,4,5,6,7,8,9
H	6	239	244
0 2 P EE
g = 1=3,10,11,12,13,14,15,16,17,18,19,2,20,21,4,5,6,7,8,9
0 18 P EE
g = 1=19,1=3,10,11,12,13,14,15,16,17,18,2,20,21,4,5,6,7,8,9
1 3 P HH
g = 1=19,1=3,2=4,10,11,12,13,14,15,16,17,18,20,21,5,6,7,8,9
2 4 P EE
g = 1=19,1=3,2=4,3=5,10,11,12,13,14,15,16,17,18,20,21,6,7,8,9
4 6 P EE
g = 1=19,1=3,2=4,3=5,5=7,10,11,12,13,14,15,16,17,18,20,21,6,8,9
6 9 P EE
g = 10=7,1=19,1=3,2=4,3=5,5=7,11,12,13,14,15,16,17,18,20,21,6,8,9
8 11 P HH
g = 10=7,12=9,1=19,1=3,2=4,3=5,5=7,11,13,14,15,16,17,18,20,21,6,8
9 12 P EE
g = 10=13,10=7,12=9,1=19,1=3,2=4,3=5,5=7,11,14,15,16,17,18,20,21,6,8
11 14 P HH
g = 10=13,10=7,12=15,12=9,1=19,1=3,2=4,3=5,5=7,11,14,16,17,18,20,21,6,8
12 16 P EE
g = 10=13,10=7,12=15,12=9,13=17,1=19,1=3,2=4,3=5,5=7,11,14,16,18,20,21,6,8
14 16 X HE
g = 10=13,10=7,12=15,12=9,13=17,15=17,1=19,1=3,2=4,3=5,5=7,11,14,16,18,20,21,6,8
16 18 P EE
g = 10=13,10=7,12=15,12=9,13=17,15=17,17=19,1=19,1=3,2=4,3=5,5=7,11,14,16,18,20,21,6,8
protein: 7tim chain: A
number of edges: 12
number of vertices:  21
g = 10=13,10=7,12=15,12=9,13=17,15=17,17=19,1=19,1=3,2=4,3=5,5=7,11,14,16,18,20,21,6,8
number of edges: 12
number of vertices: 21
number of connected components: 10


------------------------------
connected component 1 A: 1	3	5	7	9	10	12	13	15	17	19
A is not bifurcated
0 1 has degree 2
1 3 has degree 2
2 5 has degree 2
3 7 has degree 2
4 9 has degree 1
5 10 has degree 2
6 12 has degree 2
7 13 has degree 2
8 15 has degree 2
9 17 has degree 3
10 19 has degree 2

ADJ notation:

9 has neighbours: 12
 next found 1: 12
notation: {h,3ph
visited: 9	12

12 has neighbours: 9	15
 next found 1: 15
notation: {h,3ph,3ph
visited: 9	12	15

15 has neighbours: 12	17
 next found 1: 17
notation: {h,3ph,3ph,2me
visited: 9	12	15	17

17 has neighbours: 13	15	19
 next found 1: 13
notation: {h,3ph,3ph,2me,-4pe
visited: 9	12	13	15	17

13 has neighbours: 10	17
 next found 1: 10
notation: {h,3ph,3ph,2me,-4pe,-3pe
visited: 9	10	12	13	15	17

10 has neighbours: 7	13
 next found 1: 7
notation: {h,3ph,3ph,2me,-4pe,-3pe,-3pe
visited: 7	9	10	12	13	15	17

7 has neighbours: 5	10
 next found 1: 5
notation: {h,3ph,3ph,2me,-4pe,-3pe,-3pe,-2pe
visited: 5	7	9	10	12	13	15	17

5 has neighbours: 3	7
 next found 1: 3
notation: {h,3ph,3ph,2me,-4pe,-3pe,-3pe,-2pe,-2pe
visited: 3	5	7	9	10	12	13	15	17

3 has neighbours: 1	5
 next found 1: 1
notation: {h,3ph,3ph,2me,-4pe,-3pe,-3pe,-2pe,-2pe,-2pe
visited: 1	3	5	7	9	10	12	13	15	17

1 has neighbours: 3	19
 next found 1: 19
notation: {h,3ph,3ph,2me,-4pe,-3pe,-3pe,-2pe,-2pe,-2pe,18pe
visited: 1	3	5	7	9	10	12	13	15	17	19

19 has neighbours: 1	17
 next found 1: 17
notation: {h,3ph,3ph,2me,-4pe,-3pe,-3pe,-2pe,-2pe,-2pe,18pe,-2pe
visited: 1	3	5	7	9	10	12	13	15	17	19

RED notation:
9 has neighbours: 12
neighbour: 12 status: 0
 next found 1: 12
notation: {h,2ph
notation: {h,2ph
visited: 9	12
12 has neighbours: 9	15
neighbour: 9 status: 1
neighbour: 15 status: 0
 next found 1: 15
notation: {h,2ph,2ph
notation: {h,2ph,2ph
visited: 9	12	15
15 has neighbours: 12	17
neighbour: 12 status: 1
neighbour: 17 status: 0
 next found 1: 17
notation: {h,2ph,2ph,1me
notation: {h,2ph,2ph,1me
visited: 9	12	15	17
17 has neighbours: 13	15	19
neighbour: 13 status: 0
 next found 1: 13
notation: {h,2ph,2ph,1me,-2pe
notation: {h,2ph,2ph,1me,-2pe
visited: 9	12	13	15	17
13 has neighbours: 10	17
neighbour: 10 status: 0
 next found 1: 10
notation: {h,2ph,2ph,1me,-2pe,-2pe
notation: {h,2ph,2ph,1me,-2pe,-2pe
visited: 9	10	12	13	15	17
10 has neighbours: 7	13
neighbour: 7 status: 0
 next found 1: 7
notation: {h,2ph,2ph,1me,-2pe,-2pe,-2pe
notation: {h,2ph,2ph,1me,-2pe,-2pe,-2pe
visited: 7	9	10	12	13	15	17
7 has neighbours: 5	10
neighbour: 5 status: 0
 next found 1: 5
notation: {h,2ph,2ph,1me,-2pe,-2pe,-2pe,-1pe
notation: {h,2ph,2ph,1me,-2pe,-2pe,-2pe,-1pe
visited: 5	7	9	10	12	13	15	17
5 has neighbours: 3	7
neighbour: 3 status: 0
 next found 1: 3
notation: {h,2ph,2ph,1me,-2pe,-2pe,-2pe,-1pe,-1pe
notation: {h,2ph,2ph,1me,-2pe,-2pe,-2pe,-1pe,-1pe
visited: 3	5	7	9	10	12	13	15	17
3 has neighbours: 1	5
neighbour: 1 status: 0
 next found 1: 1
notation: {h,2ph,2ph,1me,-2pe,-2pe,-2pe,-1pe,-1pe,-1pe
notation: {h,2ph,2ph,1me,-2pe,-2pe,-2pe,-1pe,-1pe,-1pe
visited: 1	3	5	7	9	10	12	13	15	17
1 has neighbours: 3	19
neighbour: 3 status: 1
neighbour: 19 status: 0
 next found 1: 19
notation: {h,2ph,2ph,1me,-2pe,-2pe,-2pe,-1pe,-1pe,-1pe,10pe
notation: {h,2ph,2ph,1me,-2pe,-2pe,-2pe,-1pe,-1pe,-1pe,10pe
visited: 1	3	5	7	9	10	12	13	15	17	19
19 has neighbours: 1	17
neighbour: 1 status: 1
neighbour: 17 status: 0
 next found 1: 17
notation: {h,2ph,2ph,1me,-2pe,-2pe,-2pe,-1pe,-1pe,-1pe,10pe,-1pe
notation: {h,2ph,2ph,1me,-2pe,-2pe,-2pe,-1pe,-1pe,-1pe,10pe,-1pe
visited: 1	3	5	7	9	10	12	13	15	17	19

----------------
connected component 2 B: 2	4
B is bifurcated
0 2 has degree 1
1 4 has degree 1

ADJ notation:

2 has neighbours: 4
 next found 1: 4
notation: [h,2ph
visited: 2	4

RED notation:
2 has neighbours: 4
neighbour: 4 status: 0
 next found 1: 4
notation: [h,1ph
notation: [h,1ph
visited: 2	4

KEY notation
order    : 
2 => +
4 => +

pos      : 
2 => 1
4 => 2

tvertex  : 
2 => 1
4 => 2

i  =1 pos[1]=4 2
i-1=0 pos[1]=2 1
dist=1
keynotation: [h,1xh

----------------
connected component 3 C: 6
----------------
connected component 4 D: 8
----------------
connected component 5 E: 11
----------------
connected component 6 F: 14
----------------
connected component 7 G: 16
----------------
connected component 8 H: 18
----------------
connected component 9 I: 20
----------------
connected component 10 J: 21
----------------
Graph-type: albe, Notation: ADJ
FOLD	#SSE	Start	Graph
A	11	9	{h,3ph,3ph,2me,-4pe,-3pe,-3pe,-2pe,-2pe,-2pe,18pe,-2pe}
B	2	2	[h,2ph]
C	1	6	[h]
D	1	8	[h]
E	1	11	[h]
F	1	14	[h]
G	1	16	[h]
H	1	18	[h]
I	1	20	[h]
J	1	21	[h]
#--------------------------------
Graph-type: albe, Notation: KEY
FOLD	#SSE	Start	Graph
A	11	1	{}
B	2	1	[h,1xh]
C	1	6	[h]
D	1	8	[h]
E	1	11	[h]
F	1	14	[h]
G	1	16	[h]
H	1	18	[h]
I	1	20	[h]
J	1	21	[h]
#--------------------------------
Graph-type: albe, Notation: RED
FOLD	#SSE	Start	Graph
A	11	5	{h,2ph,2ph,1me,-2pe,-2pe,-2pe,-1pe,-1pe,-1pe,10pe,-1pe}
B	2	1	[h,1ph]
C	1	6	[h]
D	1	8	[h]
E	1	11	[h]
F	1	14	[h]
G	1	16	[h]
H	1	18	[h]
I	1	20	[h]
J	1	21	[h]
#--------------------------------
Graph-type: albe, Notation: SEQ
FOLD	#SSE	Start	Graph
A	11	1	{e,2e,2e,2e,2h,1e,2h,1e,2h,2e,2e}
B	2	2	[h,2h]
C	1	6	[h]
D	1	8	[h]
E	1	11	[h]
F	1	14	[h]
G	1	16	[h]
H	1	18	[h]
I	1	20	[h]
J	1	21	[h]
#--------------------------------
